[debug] [2021-05-22T11:09:05.778Z] ----------------------------------------------------------------------
[debug] [2021-05-22T11:09:05.787Z] Command:       C:\Users\Andrea\Desktop\firebase-tools-instant-win.exe C:\Users\Andrea\.cache\firebase\tools\lib\node_modules\firebase-tools\lib\bin\firebase emulators:start --only database
[debug] [2021-05-22T11:09:05.788Z] CLI Version:   9.11.0
[debug] [2021-05-22T11:09:05.788Z] Platform:      win32
[debug] [2021-05-22T11:09:05.788Z] Node Version:  v12.18.1
[debug] [2021-05-22T11:09:05.792Z] Time:          Sat May 22 2021 12:09:05 GMT+0100 (British Summer Time)
[debug] [2021-05-22T11:09:05.793Z] ----------------------------------------------------------------------
[debug] 
[debug] [2021-05-22T11:09:05.828Z] > command requires scopes: ["email","openid","https://www.googleapis.com/auth/cloudplatformprojects.readonly","https://www.googleapis.com/auth/firebase","https://www.googleapis.com/auth/cloud-platform"]
[debug] [2021-05-22T11:09:05.829Z] > authorizing via signed-in user (andrea.dhelpra@gmail.com)
[info] i  emulators: Starting emulators: database {"metadata":{"emulator":{"name":"hub"},"message":"Starting emulators: database"}}
[debug] [2021-05-22T11:09:07.912Z] [hub] writing locator at C:\Users\Andrea\AppData\Local\Temp\hub-uncut-301df.json
[debug] [2021-05-22T11:09:09.989Z] > refreshing access token with scopes: []
[debug] [2021-05-22T11:09:09.992Z] >>> HTTP REQUEST POST https://www.googleapis.com/oauth2/v3/token  
 <request body omitted>
[debug] [2021-05-22T11:09:10.153Z] <<< HTTP RESPONSE 200 {"cache-control":"no-cache, no-store, max-age=0, must-revalidate","pragma":"no-cache","expires":"Mon, 01 Jan 1990 00:00:00 GMT","date":"Sat, 22 May 2021 11:09:10 GMT","content-type":"application/json; charset=utf-8","vary":"X-Origin, Referer, Origin,Accept-Encoding","server":"scaffolding on HTTPServer2","x-xss-protection":"0","x-frame-options":"SAMEORIGIN","x-content-type-options":"nosniff","alt-svc":"h3-29=\":443\"; ma=2592000,h3-T051=\":443\"; ma=2592000,h3-Q050=\":443\"; ma=2592000,h3-Q046=\":443\"; ma=2592000,h3-Q043=\":443\"; ma=2592000,quic=\":443\"; ma=2592000; v=\"46,43\"","accept-ranges":"none","transfer-encoding":"chunked"}
[debug] [2021-05-22T11:09:10.353Z] >>> [apiv2][query] GET https://firebase.googleapis.com/v1beta1/projects/uncut-301df [none]
[debug] [2021-05-22T11:09:10.593Z] <<< [apiv2][status] GET https://firebase.googleapis.com/v1beta1/projects/uncut-301df 200
[debug] [2021-05-22T11:09:10.594Z] <<< [apiv2][body] GET https://firebase.googleapis.com/v1beta1/projects/uncut-301df {"projectId":"uncut-301df","projectNumber":"486749028685","displayName":"Uncut","name":"projects/uncut-301df","resources":{"hostingSite":"uncut-301df","realtimeDatabaseInstance":"uncut-301df-default-rtdb","storageBucket":"uncut-301df.appspot.com","locationId":"europe-west"},"state":"ACTIVE"}
[debug] [2021-05-22T11:09:10.596Z] database rules config:  [{"instance":"uncut-301df-default-rtdb","rules":"C:\\Users\\Andrea\\AndroidStudioProjects\\Uncut\\database.rules.json"}]
[debug] [2021-05-22T11:09:10.612Z] Ignoring unsupported arg: projectId {"metadata":{"emulator":{"name":"database"},"message":"Ignoring unsupported arg: projectId"}}
[debug] [2021-05-22T11:09:10.613Z] Ignoring unsupported arg: auto_download {"metadata":{"emulator":{"name":"database"},"message":"Ignoring unsupported arg: auto_download"}}
[debug] [2021-05-22T11:09:10.614Z] Ignoring unsupported arg: rules {"metadata":{"emulator":{"name":"database"},"message":"Ignoring unsupported arg: rules"}}
[debug] [2021-05-22T11:09:10.614Z] Starting Database Emulator with command {"binary":"java","args":["-Duser.language=en","-jar","C:\\Users\\Andrea\\.cache\\firebase\\emulators\\firebase-database-emulator-v4.7.2.jar","--host","localhost","--port",9000],"optionalArgs":["port","host","functions_emulator_port","functions_emulator_host"],"joinArgs":false} {"metadata":{"emulator":{"name":"database"},"message":"Starting Database Emulator with command {\"binary\":\"java\",\"args\":[\"-Duser.language=en\",\"-jar\",\"C:\\\\Users\\\\Andrea\\\\.cache\\\\firebase\\\\emulators\\\\firebase-database-emulator-v4.7.2.jar\",\"--host\",\"localhost\",\"--port\",9000],\"optionalArgs\":[\"port\",\"host\",\"functions_emulator_port\",\"functions_emulator_host\"],\"joinArgs\":false}"}}
[info] i  database: Database Emulator logging to database-debug.log {"metadata":{"emulator":{"name":"database"},"message":"Database Emulator logging to \u001b[1mdatabase-debug.log\u001b[22m"}}
[debug] [2021-05-22T11:09:24.782Z] Ignoring unsupported arg: auto_download {"metadata":{"emulator":{"name":"ui"},"message":"Ignoring unsupported arg: auto_download"}}
[debug] [2021-05-22T11:09:24.784Z] Ignoring unsupported arg: port {"metadata":{"emulator":{"name":"ui"},"message":"Ignoring unsupported arg: port"}}
[debug] [2021-05-22T11:09:24.785Z] Starting Emulator UI with command {"binary":"node","args":["C:\\Users\\Andrea\\.cache\\firebase\\emulators\\ui-v1.5.0\\server.bundle.js"],"optionalArgs":[],"joinArgs":false} {"metadata":{"emulator":{"name":"ui"},"message":"Starting Emulator UI with command {\"binary\":\"node\",\"args\":[\"C:\\\\Users\\\\Andrea\\\\.cache\\\\firebase\\\\emulators\\\\ui-v1.5.0\\\\server.bundle.js\"],\"optionalArgs\":[],\"joinArgs\":false}"}}
[info] i  ui: Emulator UI logging to ui-debug.log {"metadata":{"emulator":{"name":"ui"},"message":"Emulator UI logging to \u001b[1mui-debug.log\u001b[22m"}}
[debug] [2021-05-22T11:09:26.254Z] Web / API server started at http://localhost:4000
 {"metadata":{"emulator":{"name":"ui"},"message":"Web / API server started at http://localhost:4000\n"}}
[debug] [2021-05-22T11:09:26.365Z] >>> HTTP REQUEST PUT http://localhost:9000/.settings/rules.json?ns=uncut-301df-default-rtdb  
 {
  "rules": {
    ".read": true,  
    ".write": true,  
  }
}
[debug] [2021-05-22T11:09:29.321Z] <<< HTTP RESPONSE 200 {"content-length":"15","content-type":"application/json; charset=utf-8","access-control-allow-origin":"*","cache-control":"no-cache","x-firebase-project-id":"uncut-301df-default-rtdb","x-firebase-project-number":"123456789","x-firebase-uuid":"9619215e-fbf5-4526-8927-53a79482489b"}
[info] 
┌─────────────────────────────────────────────────────────────┐
│ ✔  All emulators ready! It is now safe to connect your app. │
│ i  View Emulator UI at http://localhost:4000                │
└─────────────────────────────────────────────────────────────┘

┌──────────┬────────────────┬────────────────────────────────┐
│ Emulator │ Host:Port      │ View in Emulator UI            │
├──────────┼────────────────┼────────────────────────────────┤
│ Database │ localhost:9000 │ http://localhost:4000/database │
└──────────┴────────────────┴────────────────────────────────┘
  Emulator Hub running at localhost:4400
  Other reserved ports: 4500

Issues? Report them at https://github.com/firebase/firebase-tools/issues and attach the *-debug.log files.
 
[warn] !  database: Fatal error occurred: 
   Database Emulator has exited with code: 3221225786, 
   stopping all running emulators {"metadata":{"emulator":{"name":"database"},"message":"Fatal error occurred: \n   Database Emulator has exited with code: 3221225786, \n   stopping all running emulators"}}
